<?xml version="1.0" encoding="UTF-8"?>
<!-- Generated by org.testng.reporters.JUnitReportReporter -->
<testsuite hostname="nb-lees-10" name="com.qmetry.qaf.automation.step.client.Scenario" tests="1" failures="0" timestamp="10 Jan 2017 15:16:02 GMT" time="51.175" errors="1">
  <testcase name="Adding a recipe" time="51.175" classname="com.qmetry.qaf.automation.step.client.Scenario">
    <error type="com.qmetry.qaf.automation.step.StepNotFoundException" message="And I add ingredients with the following data{&quot;amount&quot;:&quot;aslak@cucumber.io&quot;,&quot;name&quot;:&quot;Aslak&quot;}@src/main/resources/scenarios/Recipes.feature#11 TestStep implementation not found. 
 Please provide implementation or ensure &#039;step.provider.pkg&#039; property value includes appropriate package.">
      <![CDATA[com.qmetry.qaf.automation.step.StepNotFoundException: And I add ingredients with the following data{"amount":"aslak@cucumber.io","name":"Aslak"}@src/main/resources/scenarios/Recipes.feature#11 TestStep implementation not found. 
 Please provide implementation or ensure 'step.provider.pkg' property value includes appropriate package.
	at .And I add ingredients with the following data{"amount":"aslak@cucumber.io","name":"Aslak"}(src/main/resources/scenarios/Recipes.feature:11)
]]>
    </error>
  </testcase> <!-- Adding a recipe -->
</testsuite> <!-- com.qmetry.qaf.automation.step.client.Scenario -->
